0 info it worked if it ends with ok
1 verbose cli [ '/home/ubuntu/.nvm/versions/node/v4.7.3/bin/node',
1 verbose cli   '/home/ubuntu/.nvm/versions/node/v4.7.3/bin/npm',
1 verbose cli   'install',
1 verbose cli   'heroku-cli' ]
2 info using npm@2.15.11
3 info using node@v4.7.3
4 verbose install initial load of /home/ubuntu/workspace/chronicles/package.json
5 warn package.json chronicles@1.0.0 No repository field.
6 warn package.json chronicles@1.0.0 No README data
7 verbose installManyTop reading scoped package data from /home/ubuntu/workspace/chronicles/node_modules/body-parser/package.json
8 verbose installManyTop reading scoped package data from /home/ubuntu/workspace/chronicles/node_modules/ejs/package.json
9 verbose installManyTop reading scoped package data from /home/ubuntu/workspace/chronicles/node_modules/express/package.json
10 verbose installManyTop reading scoped package data from /home/ubuntu/workspace/chronicles/node_modules/froala-editor/package.json
11 verbose installManyTop reading scoped package data from /home/ubuntu/workspace/chronicles/node_modules/heroku/package.json
12 verbose installManyTop reading scoped package data from /home/ubuntu/workspace/chronicles/node_modules/method-override/package.json
13 verbose installManyTop reading scoped package data from /home/ubuntu/workspace/chronicles/node_modules/mongoose/package.json
14 info package.json froala-editor@2.6.4 license should be a valid SPDX license expression
15 info package.json heroku@0.2.0 No license field.
16 verbose readDependencies loading dependencies from /home/ubuntu/workspace/chronicles/package.json
17 silly cache add args [ 'heroku-cli', null ]
18 verbose cache add spec heroku-cli
19 silly cache add parsed spec Result {
19 silly cache add   raw: 'heroku-cli',
19 silly cache add   scope: null,
19 silly cache add   name: 'heroku-cli',
19 silly cache add   rawSpec: '',
19 silly cache add   spec: 'latest',
19 silly cache add   type: 'tag' }
20 silly addNamed heroku-cli@latest
21 verbose addNamed "latest" is being treated as a dist-tag for heroku-cli
22 info addNameTag [ 'heroku-cli', 'latest' ]
23 silly mapToRegistry name heroku-cli
24 silly mapToRegistry using default registry
25 silly mapToRegistry registry https://registry.npmjs.org/
26 silly mapToRegistry data Result {
26 silly mapToRegistry   raw: 'heroku-cli',
26 silly mapToRegistry   scope: null,
26 silly mapToRegistry   name: 'heroku-cli',
26 silly mapToRegistry   rawSpec: '',
26 silly mapToRegistry   spec: 'latest',
26 silly mapToRegistry   type: 'tag' }
27 silly mapToRegistry uri https://registry.npmjs.org/heroku-cli
28 verbose addNameTag registry:https://registry.npmjs.org/heroku-cli not in flight; fetching
29 verbose request uri https://registry.npmjs.org/heroku-cli
30 verbose request no auth needed
31 info attempt registry request try #1 at 3:15:53 AM
32 verbose request id 95a0aa38276db3c4
33 http request GET https://registry.npmjs.org/heroku-cli
34 http 200 https://registry.npmjs.org/heroku-cli
35 verbose headers { server: 'nginx/1.10.1',
35 verbose headers   'content-type': 'application/json',
35 verbose headers   'last-modified': 'Mon, 07 Aug 2017 19:10:48 GMT',
35 verbose headers   etag: 'W/"5988bb38-3cd59"',
35 verbose headers   'content-encoding': 'gzip',
35 verbose headers   'cache-control': 'max-age=300',
35 verbose headers   'content-length': '20121',
35 verbose headers   'accept-ranges': 'bytes',
35 verbose headers   date: 'Tue, 08 Aug 2017 03:15:54 GMT',
35 verbose headers   via: '1.1 varnish',
35 verbose headers   age: '0',
35 verbose headers   connection: 'keep-alive',
35 verbose headers   'x-served-by': 'cache-ord1742-ORD',
35 verbose headers   'x-cache': 'MISS',
35 verbose headers   'x-cache-hits': '0',
35 verbose headers   'x-timer': 'S1502162154.004828,VS0,VE42',
35 verbose headers   vary: 'Accept-Encoding, Accept' }
36 silly get cb [ 200,
36 silly get   { server: 'nginx/1.10.1',
36 silly get     'content-type': 'application/json',
36 silly get     'last-modified': 'Mon, 07 Aug 2017 19:10:48 GMT',
36 silly get     etag: 'W/"5988bb38-3cd59"',
36 silly get     'content-encoding': 'gzip',
36 silly get     'cache-control': 'max-age=300',
36 silly get     'content-length': '20121',
36 silly get     'accept-ranges': 'bytes',
36 silly get     date: 'Tue, 08 Aug 2017 03:15:54 GMT',
36 silly get     via: '1.1 varnish',
36 silly get     age: '0',
36 silly get     connection: 'keep-alive',
36 silly get     'x-served-by': 'cache-ord1742-ORD',
36 silly get     'x-cache': 'MISS',
36 silly get     'x-cache-hits': '0',
36 silly get     'x-timer': 'S1502162154.004828,VS0,VE42',
36 silly get     vary: 'Accept-Encoding, Accept' } ]
37 verbose get saving heroku-cli to /home/ubuntu/.npm/registry.npmjs.org/heroku-cli/.cache.json
38 verbose correctMkdir /home/ubuntu/.npm correctMkdir not in flight; initializing
39 silly addNameTag next cb for heroku-cli with tag latest
40 verbose stack Error: No compatible version found: heroku-cli@'latest'
40 verbose stack Valid install targets:
40 verbose stack ["6.0.0","6.0.1","6.0.2","6.0.7","6.1.4","6.1.5","6.1.6","6.1.7","6.2.0","6.2.1","6.3.0","6.3.1","6.4.0","6.4.1","6.5.0","6.5.1","6.5.2","6.5.3","6.5.4","6.5.5","6.6.0","6.6.2","6.6.5","6.6.7","6.6.8","6.6.9","6.6.10","6.6.11","6.6.12","6.6.13","6.6.14","6.6.15","6.6.16","6.6.17","6.6.18","6.6.19","6.7.0","6.7.1","6.7.2","6.7.3","6.7.4","6.8.0","6.8.1","6.8.2","6.8.3","6.8.4","6.8.5","6.9.0","6.9.1","6.9.2","6.9.3","6.9.4","6.9.5","6.9.6","6.9.7","6.10.0","6.10.1","6.10.2"]
40 verbose stack
40 verbose stack     at installTargetsError (/home/ubuntu/.nvm/versions/node/v4.7.3/lib/node_modules/npm/lib/cache/add-named.js:284:12)
40 verbose stack     at next (/home/ubuntu/.nvm/versions/node/v4.7.3/lib/node_modules/npm/lib/cache/add-named.js:94:10)
40 verbose stack     at RES (/home/ubuntu/.nvm/versions/node/v4.7.3/lib/node_modules/npm/node_modules/inflight/inflight.js:23:14)
40 verbose stack     at f (/home/ubuntu/.nvm/versions/node/v4.7.3/lib/node_modules/npm/node_modules/once/once.js:25:25)
40 verbose stack     at fixName (/home/ubuntu/.nvm/versions/node/v4.7.3/lib/node_modules/npm/lib/cache/add-named.js:29:5)
40 verbose stack     at saved (/home/ubuntu/.nvm/versions/node/v4.7.3/lib/node_modules/npm/lib/cache/caching-client.js:173:7)
40 verbose stack     at /home/ubuntu/.nvm/versions/node/v4.7.3/lib/node_modules/npm/node_modules/graceful-fs/polyfills.js:233:18
40 verbose stack     at FSReqWrap.oncomplete (fs.js:82:15)
41 verbose cwd /home/ubuntu/workspace/chronicles
42 error Linux 4.9.17-c9
43 error argv "/home/ubuntu/.nvm/versions/node/v4.7.3/bin/node" "/home/ubuntu/.nvm/versions/node/v4.7.3/bin/npm" "install" "heroku-cli"
44 error node v4.7.3
45 error npm  v2.15.11
46 error code ETARGET
47 error notarget No compatible version found: heroku-cli@'latest'
47 error notarget Valid install targets:
47 error notarget ["6.0.0","6.0.1","6.0.2","6.0.7","6.1.4","6.1.5","6.1.6","6.1.7","6.2.0","6.2.1","6.3.0","6.3.1","6.4.0","6.4.1","6.5.0","6.5.1","6.5.2","6.5.3","6.5.4","6.5.5","6.6.0","6.6.2","6.6.5","6.6.7","6.6.8","6.6.9","6.6.10","6.6.11","6.6.12","6.6.13","6.6.14","6.6.15","6.6.16","6.6.17","6.6.18","6.6.19","6.7.0","6.7.1","6.7.2","6.7.3","6.7.4","6.8.0","6.8.1","6.8.2","6.8.3","6.8.4","6.8.5","6.9.0","6.9.1","6.9.2","6.9.3","6.9.4","6.9.5","6.9.6","6.9.7","6.10.0","6.10.1","6.10.2"]
47 error notarget
47 error notarget This is most likely not a problem with npm itself.
47 error notarget In most cases you or one of your dependencies are requesting
47 error notarget a package version that doesn't exist.
47 error notarget
47 error notarget It was specified as a dependency of 'chronicles'
48 verbose exit [ 1, true ]
